('of the', 1)	2766332471
('in the', 1)	1628795548
('the of', 2)	1171895754
('to the', 1)	1139249097
('on the', 1)	800328923
('for the', 1)	692874911
('and the', 1)	629727229
('to be', 1)	505149048
('a of', 2)	504120772
('is a', 1)	476719062
('with the', 1)	461331419
('from the', 1)	428303305
('the the', 3)	424508598
('by the', 1)	417106045
('at the', 1)	416201550
('to the', 2)	399946629
('of a', 1)	387060526
('in a', 1)	364730191
('will be', 1)	356175009
('that the', 1)	333393948
('do not', 1)	326268010
('is the', 1)	306482659
('to a', 1)	279146683
('is not', 1)	276753421
('for a', 1)	274112554
('with a', 1)	271525349
('as a', 1)	270401841
('of this', 1)	258707741
('it is', 1)	245002755
('can be', 1)	230215143
('to a', 2)	205347935
('the and', 2)	198254348
('has been', 1)	196769958
('and the', 2)	193275913
('the same', 1)	186235801
('does not', 1)	180844574
('can not', 1)	180466484
('and a', 1)	178504703
('in this', 1)	174166565
('have been', 1)	172884791
('you can', 1)	172007855
('may be', 1)	171738006
('as the', 1)	169662690
('on a', 1)	167105962
('the to', 2)	163452349
('the of', 3)	161369489
('the first', 1)	159289040
('have a', 1)	156027480
('and of', 2)	153894135
('not be', 1)	150433242
('is to', 2)	150016005
('you are', 1)	148097132
('such as', 1)	144817266
('in of', 3)	142579065
('if you', 1)	140747030
('and the', 3)	139552262
('out of', 1)	139365988
('number of', 1)	139151213
('should be', 1)	138442233
('a of', 3)	138014218
('the following', 1)	136863774
('you have', 1)	135266740
('are not', 1)	133884316
('a the', 3)	132708279
('up to', 1)	130000057
('all the', 1)	129777042
('about the', 1)	129448933
('need to', 1)	127104469
('more than', 1)	126525584
('did not', 1)	126415990
('part of', 1)	124514243
('to the', 3)	123963256
('to do', 1)	123164705
('and other', 1)	120992233
('a new', 1)	120399447
('to of', 3)	120232619
('is the', 3)	120227696
('into the', 1)	119750246
('it was', 1)	117973596
('have to', 1)	115169237
('the most', 1)	114019350
('on this', 1)	113116323
('that is', 1)	112873051
('the world', 1)	112087488
('of their', 1)	111538849
('the that', 2)	110591856
('there is', 1)	110560497
('the the', 4)	109630186
('the is', 2)	108550464
('the a', 3)	108517728
('of and', 2)	107954549
('to this', 1)	106392764
('be a', 1)	106128674
('to your', 1)	105602800
('to have', 1)	101619294
('are the', 1)	100855627
('will not', 1)	100046439
('and of', 3)	99012751
('is an', 1)	98762170
('was a', 1)	98682950
('that you', 1)	98545686
('you not', 2)	98422769
('they are', 1)	97759867
('is to', 1)	97276807
('for this', 1)	96591646
('for of', 3)	96367148
('for your', 1)	96351831
('by a', 1)	95900525
('of your', 1)	93832581
('of our', 1)	92545048
('which is', 1)	91894689
('are to', 2)	91790458
('to the', 4)	91637597
('and to', 2)	91498828
('is the', 2)	91321277
('here to', 1)	90251812
('the in', 2)	90198655
('use of', 1)	90098162
('over the', 1)	89809622
('the for', 2)	87998354
('to use', 1)	87961652
('of of', 3)	87033988
('of these', 1)	86818885
('this is', 1)	86818553
('is a', 2)	86742916
('how to', 1)	86679675
('that it', 1)	85955789
('is of', 3)	85575729
('not have', 1)	84871413
('through the', 1)	84692141
('from a', 1)	83626260
('you to', 1)	83554503
('a few', 1)	83361789
('be to', 2)	82540158
('not to', 2)	81612466
('be the', 3)	81131334
('of all', 1)	81062706
('to of', 4)	80777262
('a to', 2)	80688902
('to and', 2)	80434708
('and to', 1)	80279847
('and more', 1)	80146089
('the other', 1)	79925407
('that are', 1)	78402104
('at a', 1)	78330475
('in your', 1)	77950774
('of an', 1)	76105830
('under the', 1)	75779899
('has a', 1)	75657099
('there are', 1)	75509893
('you will', 1)	75297603
('and is', 1)	75098452
('we have', 1)	75052273
('during the', 1)	74334235
('to in', 2)	73908441
('is that', 1)	73539805
('on of', 3)	73412554
('not the', 2)	73359836
('this site', 1)	72925890
('all of', 1)	71818820
('some of', 1)	71811140
('and a', 2)	71693955
('is the', 4)	71634552
('the new', 1)	71165977
('of the', 3)	71104901
('within the', 1)	70462082
('that the', 2)	70408422
('of the', 4)	69881171
('it not', 2)	69555655
('and it', 1)	69193234
('of his', 1)	68835977
('that they', 1)	68622143
('of and', 3)	68069187
('a lot', 1)	67694154
('was not', 1)	67427798
('and that', 1)	67400776
('and the', 4)	67169346
('with of', 3)	66900072
('for all', 1)	66740071
('have the', 1)	66629965
('on your', 1)	66415307
('if the', 1)	66172713
('you do', 1)	65716409
('was the', 1)	65694274
('and then', 1)	65570030
('or the', 1)	64884474
('for more', 1)	64514374
('are the', 3)	64379123
('that we', 1)	64288077
('and to', 3)	64087040
('you to', 2)	63993504
('part the', 2)	63963428
('to that', 2)	63857835
('and in', 1)	63760824
('more information', 1)	63706623
('your own', 1)	63495788
('not a', 1)	63458646
('out the', 2)	63287495
('in which', 1)	62690186
('may not', 1)	62617900
